[2022-07-17 00:27:08] [ INFO ] [UvpController:28] Se mostro la lista
[2022-07-17 01:04:45] [ INFO ] [UvpController:28] Se mostro la lista
[2022-07-17 01:27:18] [ INFO ] [UvpController:28] Se mostro la lista
[2022-07-17 01:27:37] [ INFO ] [UvpController:28] Se mostro la lista
[2022-07-17 01:27:57] [ INFO ] [UvpController:28] Se mostro la lista
[2022-07-17 01:28:24] [ INFO ] [UvpController:28] Se mostro la lista
[2022-07-17 01:29:06] [ INFO ] [UvpController:28] Se mostro la lista
[2022-07-17 01:29:12] [ INFO ] [UvpController:28] Se mostro la lista
[2022-07-17 01:29:14] [ INFO ] [UvpController:28] Se mostro la lista
[2022-07-17 01:30:06] [ INFO ] [UvpController:28] Se mostro la lista
[2022-07-17 01:30:44] [ INFO ] [UvpController:28] Se mostro la lista
[2022-07-17 01:30:45] [ INFO ] [UvpController:28] Se mostro la lista
[2022-07-17 01:30:59] [ INFO ] [UvpController:28] Se mostro la lista
[2022-07-17 01:31:31] [ INFO ] [UvpController:28] Se mostro la lista
[2022-07-17 01:31:32] [ INFO ] [UvpController:28] Se mostro la lista
[2022-07-17 01:31:40] [ INFO ] [UvpController:28] Se mostro la lista
[2022-07-17 01:34:08] [ INFO ] [UvpController:28] Se mostro la lista
[2022-07-17 01:34:48] [ INFO ] [UvpController:28] Se mostro la lista
[2022-07-17 01:34:58] [ INFO ] [UvpController:28] Se mostro la lista
[2022-07-17 01:35:20] [ INFO ] [UvpController:28] Se mostro la lista
[2022-07-17 01:36:35] [ INFO ] [UvpController:28] Se mostro la lista
[2022-07-17 01:36:38] [ INFO ] [UvpController:28] Se mostro la lista
[2022-07-17 01:37:31] [ INFO ] [UvpController:28] Se mostro la lista
[2022-07-17 01:38:10] [ INFO ] [UvpController:28] Se mostro la lista
[2022-07-17 01:38:23] [ INFO ] [UvpController:28] Se mostro la lista
[2022-07-17 01:38:37] [ INFO ] [UvpController:28] Se mostro la lista
[2022-07-17 01:39:08] [ INFO ] [UvpController:28] Se mostro la lista
[2022-07-17 01:39:19] [ INFO ] [UvpController:28] Se mostro la lista
[2022-07-17 01:39:26] [ INFO ] [UvpController:28] Se mostro la lista
[2022-07-17 01:39:40] [ INFO ] [UvpController:28] Se mostro la lista
[2022-07-17 01:39:46] [ INFO ] [UvpController:28] Se mostro la lista
[2022-07-17 01:40:00] [ INFO ] [UvpController:28] Se mostro la lista
[2022-07-17 01:40:46] [ INFO ] [UvpController:28] Se mostro la lista
[2022-07-17 01:40:49] [ INFO ] [UvpController:28] Se mostro la lista
[2022-07-17 01:40:52] [ INFO ] [UvpController:28] Se mostro la lista
[2022-07-17 01:40:55] [ INFO ] [UvpController:28] Se mostro la lista
[2022-07-17 01:40:58] [ INFO ] [UvpController:28] Se mostro la lista
[2022-07-17 01:41:01] [ INFO ] [UvpController:28] Se mostro la lista
[2022-07-17 01:41:02] [ INFO ] [UvpController:28] Se mostro la lista
[2022-07-17 01:41:04] [ INFO ] [UvpController:28] Se mostro la lista
[2022-07-17 01:41:07] [ INFO ] [UvpController:28] Se mostro la lista
[2022-07-17 01:41:10] [ INFO ] [UvpController:28] Se mostro la lista
[2022-07-17 01:41:14] [ INFO ] [UvpController:28] Se mostro la lista
[2022-07-17 01:41:49] [ INFO ] [UvpController:28] Se mostro la lista
[2022-07-17 01:41:51] [ INFO ] [UvpController:28] Se mostro la lista
[2022-07-17 01:41:54] [ INFO ] [UvpController:28] Se mostro la lista
[2022-07-17 01:41:57] [ INFO ] [UvpController:28] Se mostro la lista
[2022-07-17 01:42:04] [ INFO ] [UvpController:28] Se mostro la lista
[2022-07-17 01:42:05] [ INFO ] [UvpController:28] Se mostro la lista
[2022-07-17 01:42:10] [ INFO ] [UvpController:28] Se mostro la lista
[2022-07-17 01:42:24] [ INFO ] [UvpController:28] Se mostro la lista
[2022-07-17 01:42:35] [ INFO ] [UvpController:28] Se mostro la lista
[2022-07-17 01:42:36] [ INFO ] [UvpController:28] Se mostro la lista
[2022-07-17 01:44:12] [ INFO ] [UvpController:28] Se mostro la lista
[2022-07-17 01:44:19] [ INFO ] [UvpController:28] Se mostro la lista
[2022-07-17 01:44:20] [ INFO ] [UvpController:28] Se mostro la lista
[2022-07-17 01:44:21] [ INFO ] [UvpController:28] Se mostro la lista
[2022-07-17 01:44:23] [ INFO ] [UvpController:28] Se mostro la lista
[2022-07-17 01:44:25] [ INFO ] [UvpController:28] Se mostro la lista
[2022-07-17 01:44:35] [ INFO ] [UvpController:28] Se mostro la lista
[2022-07-17 01:44:36] [ INFO ] [UvpController:28] Se mostro la lista
[2022-07-17 01:44:38] [ INFO ] [UvpController:28] Se mostro la lista
[2022-07-17 01:44:40] [ INFO ] [UvpController:28] Se mostro la lista
[2022-07-17 01:44:44] [ INFO ] [UvpController:28] Se mostro la lista
[2022-07-17 01:44:47] [ INFO ] [UvpController:28] Se mostro la lista
[2022-07-17 01:44:50] [ INFO ] [UvpController:28] Se mostro la lista
[2022-07-17 01:44:59] [ INFO ] [UvpController:28] Se mostro la lista
[2022-07-17 01:45:02] [ INFO ] [UvpController:28] Se mostro la lista
[2022-07-17 01:45:16] [ INFO ] [UvpController:28] Se mostro la lista
[2022-07-17 01:45:21] [ INFO ] [UvpController:28] Se mostro la lista
[2022-07-17 01:45:28] [ INFO ] [UvpController:28] Se mostro la lista
[2022-07-17 01:45:30] [ INFO ] [UvpController:28] Se mostro la lista
[2022-07-17 01:45:54] [ INFO ] [UvpController:28] Se mostro la lista
[2022-07-17 01:46:00] [ INFO ] [UvpController:28] Se mostro la lista
[2022-07-17 01:46:10] [ INFO ] [UvpController:28] Se mostro la lista
[2022-07-17 01:46:14] [ INFO ] [UvpController:28] Se mostro la lista
[2022-07-17 01:46:19] [ INFO ] [UvpController:28] Se mostro la lista
[2022-07-17 01:46:21] [ INFO ] [UvpController:28] Se mostro la lista
[2022-07-17 01:46:28] [ INFO ] [UvpController:28] Se mostro la lista
[2022-07-17 01:46:34] [ INFO ] [UvpController:28] Se mostro la lista
[2022-07-17 01:46:44] [ INFO ] [UvpController:28] Se mostro la lista
[2022-07-17 01:46:53] [ INFO ] [UvpController:28] Se mostro la lista
[2022-07-17 01:48:18] [ INFO ] [UvpController:28] Se mostro la lista
[2022-07-17 01:48:21] [ INFO ] [UvpController:28] Se mostro la lista
[2022-07-17 01:48:42] [ INFO ] [UvpController:28] Se mostro la lista
[2022-07-17 01:49:44] [ INFO ] [UvpController:28] Se mostro la lista
[2022-07-17 01:49:49] [ INFO ] [UvpController:28] Se mostro la lista
[2022-07-17 01:53:10] [ INFO ] [UvpController:28] Se mostro la lista
[2022-07-17 01:53:16] [ INFO ] [UvpController:28] Se mostro la lista
[2022-07-17 01:55:27] [ INFO ] [UvpController:28] Se mostro la lista
[2022-07-17 01:56:32] [ INFO ] [UvpController:28] Se mostro la lista
[2022-07-17 01:56:33] [ INFO ] [UvpController:28] Se mostro la lista
[2022-07-17 01:56:35] [ INFO ] [UvpController:28] Se mostro la lista
[2022-07-17 01:57:06] [ INFO ] [UvpController:28] Se mostro la lista
[2022-07-17 01:57:07] [ INFO ] [UvpController:28] Se mostro la lista
[2022-07-17 01:57:09] [ INFO ] [UvpController:28] Se mostro la lista
[2022-07-17 01:57:15] [ INFO ] [UvpController:28] Se mostro la lista
[2022-07-17 01:57:32] [ INFO ] [UvpController:28] Se mostro la lista
[2022-07-17 01:57:37] [ INFO ] [UvpController:28] Se mostro la lista
[2022-07-17 01:57:46] [ INFO ] [UvpController:28] Se mostro la lista
[2022-07-17 23:44:33] [ INFO ] [UvpController:28] Se mostro la lista
[2022-07-17 23:49:31] [ INFO ] [UvpController:28] Se mostro la lista
[2022-07-17 23:49:33] [ INFO ] [UvpController:28] Se mostro la lista
[2022-07-17 23:49:40] [ INFO ] [UvpController:28] Se mostro la lista
[2022-07-17 23:49:55] [ INFO ] [UvpController:28] Se mostro la lista
[2022-07-17 23:50:21] [ INFO ] [UvpController:28] Se mostro la lista
[2022-07-17 23:50:42] [ INFO ] [UvpController:28] Se mostro la lista
[2022-07-17 23:50:48] [ INFO ] [UvpController:28] Se mostro la lista
[2022-07-17 23:50:57] [ INFO ] [UvpController:28] Se mostro la lista
[2022-07-17 23:51:01] [ INFO ] [UvpController:28] Se mostro la lista
[2022-07-17 23:51:06] [ INFO ] [UvpController:28] Se mostro la lista
[2022-07-17 23:51:08] [ INFO ] [UvpController:28] Se mostro la lista
[2022-07-17 23:51:12] [ INFO ] [UvpController:28] Se mostro la lista
[2022-07-17 23:51:36] [ INFO ] [UvpController:28] Se mostro la lista
[2022-07-17 23:52:03] [ INFO ] [UvpController:28] Se mostro la lista
[2022-07-17 23:52:18] [ INFO ] [UvpController:28] Se mostro la lista
[2022-07-17 23:52:30] [ INFO ] [UvpController:28] Se mostro la lista
[2022-07-17 23:52:32] [ INFO ] [UvpController:28] Se mostro la lista
[2022-07-17 23:52:44] [ INFO ] [UvpController:28] Se mostro la lista
[2022-07-17 23:52:47] [ INFO ] [UvpController:28] Se mostro la lista
[2022-07-17 23:52:52] [ INFO ] [UvpController:28] Se mostro la lista
[2022-07-17 23:52:53] [ INFO ] [UvpController:28] Se mostro la lista
[2022-07-17 23:53:06] [ INFO ] [UvpController:28] Se mostro la lista
[2022-07-17 23:53:19] [ INFO ] [UvpController:28] Se mostro la lista
[2022-07-17 23:53:20] [ INFO ] [UvpController:28] Se mostro la lista
[2022-07-17 23:53:26] [ INFO ] [UvpController:28] Se mostro la lista
[2022-07-17 23:54:09] [ INFO ] [UvpController:28] Se mostro la lista
[2022-07-17 23:58:26] [ INFO ] [UvpController:28] Se mostro la lista
[2022-07-17 23:58:33] [ INFO ] [UvpController:28] Se mostro la lista
[2022-07-17 23:58:54] [ INFO ] [UvpController:28] Se mostro la lista
[2022-07-17 23:59:11] [ INFO ] [UvpController:28] Se mostro la lista
[2022-07-17 23:59:45] [ INFO ] [UvpController:28] Se mostro la lista
[2022-07-17 23:59:52] [ INFO ] [UvpController:28] Se mostro la lista
[2022-07-18 00:00:51] [ INFO ] [UvpController:28] Se mostro la lista
[2022-07-18 00:01:32] [ INFO ] [UvpController:28] Se mostro la lista
[2022-07-18 00:01:35] [ INFO ] [UvpController:28] Se mostro la lista
[2022-07-18 00:01:37] [ INFO ] [UvpController:28] Se mostro la lista
[2022-07-18 00:05:36] [ INFO ] [UvpController:28] Se mostro la lista
[2022-07-18 00:12:56] [ INFO ] [UvpController:28] Se mostro la lista
[2022-07-18 00:12:58] [ INFO ] [UvpController:28] Se mostro la lista
[2022-07-18 00:13:02] [ INFO ] [UvpController:85] Se elimino al UVP con ID = 1
[2022-07-18 00:13:05] [ INFO ] [UvpController:89] No se pudo eliminar el UVP con el ID = 1
[2022-07-18 00:13:11] [ INFO ] [UvpController:28] Se mostro la lista
[2022-07-18 00:13:16] [ INFO ] [UvpController:28] Se mostro la lista
[2022-07-18 00:17:49] [ INFO ] [UvpController:28] Se mostro la lista
[2022-07-18 00:17:52] [ INFO ] [UvpController:28] Se mostro la lista
[2022-07-18 00:23:13] [ INFO ] [UvpController:28] Se mostro la lista
[2022-07-18 00:23:47] [ INFO ] [UvpController:54] Se creo el UVP = com.project.canvas.entities.Uvp@5ed097f6
[2022-07-18 00:24:32] [ INFO ] [UvpController:28] Se mostro la lista
[2022-07-18 00:24:42] [ INFO ] [UvpController:85] Se elimino al UVP con ID = 2
[2022-07-18 00:24:47] [ INFO ] [UvpController:28] Se mostro la lista
[2022-07-18 00:24:50] [ INFO ] [UvpController:54] Se creo el UVP = com.project.canvas.entities.Uvp@4e0c3ff6
[2022-07-18 00:24:53] [ INFO ] [UvpController:28] Se mostro la lista
[2022-07-18 00:26:10] [ INFO ] [UvpController:54] Se creo el UVP = com.project.canvas.entities.Uvp@74bd834a
[2022-07-18 00:33:56] [ INFO ] [UvpController:28] Se mostro la lista
[2022-07-18 00:34:07] [ INFO ] [UvpController:28] Se mostro la lista
[2022-07-18 00:34:19] [ INFO ] [UvpController:28] Se mostro la lista
[2022-07-18 00:34:22] [ INFO ] [UvpController:28] Se mostro la lista
[2022-07-18 00:36:10] [ INFO ] [UvpController:28] Se mostro la lista
[2022-07-18 00:36:19] [ INFO ] [UvpController:28] Se mostro la lista
[2022-07-18 00:36:42] [ INFO ] [UvpController:28] Se mostro la lista
[2022-07-18 00:36:44] [ INFO ] [UvpController:28] Se mostro la lista
[2022-07-18 00:38:10] [ INFO ] [UvpController:28] Se mostro la lista
[2022-07-18 00:38:15] [ INFO ] [UvpController:28] Se mostro la lista
[2022-07-18 00:38:42] [ INFO ] [UvpController:28] Se mostro la lista
[2022-07-18 00:38:48] [ INFO ] [UvpController:28] Se mostro la lista
[2022-07-18 00:39:04] [ INFO ] [UvpController:28] Se mostro la lista
[2022-07-18 00:39:12] [ INFO ] [UvpController:28] Se mostro la lista
[2022-07-18 00:39:15] [ INFO ] [UvpController:28] Se mostro la lista
[2022-07-18 00:39:19] [ INFO ] [UvpController:28] Se mostro la lista
[2022-07-18 00:39:30] [ INFO ] [UvpController:28] Se mostro la lista
[2022-07-18 00:39:31] [ INFO ] [UvpController:28] Se mostro la lista
[2022-07-18 00:39:38] [ INFO ] [UvpController:28] Se mostro la lista
[2022-07-18 00:39:39] [ INFO ] [UvpController:28] Se mostro la lista
[2022-07-18 00:39:56] [ INFO ] [UvpController:28] Se mostro la lista
[2022-07-18 00:41:10] [ INFO ] [UvpController:28] Se mostro la lista
[2022-07-18 00:41:31] [ INFO ] [UvpController:28] Se mostro la lista
[2022-07-18 00:46:25] [ INFO ] [UvpController:28] Se mostro la lista
[2022-07-18 00:46:37] [ INFO ] [UvpController:28] Se mostro la lista
[2022-07-18 00:46:39] [ INFO ] [UvpController:28] Se mostro la lista
[2022-07-18 00:46:56] [ INFO ] [UvpController:28] Se mostro la lista
[2022-07-18 00:47:01] [ INFO ] [UvpController:28] Se mostro la lista
[2022-07-18 00:47:05] [ INFO ] [UvpController:28] Se mostro la lista
[2022-07-18 00:47:20] [ INFO ] [UvpController:28] Se mostro la lista
[2022-07-18 00:47:56] [ INFO ] [UvpController:28] Se mostro la lista
[2022-07-18 00:48:15] [ INFO ] [UvpController:28] Se mostro la lista
[2022-07-18 00:48:33] [ INFO ] [UvpController:28] Se mostro la lista
[2022-07-18 00:48:38] [ INFO ] [UvpController:28] Se mostro la lista
[2022-07-18 00:49:53] [ INFO ] [UvpController:28] Se mostro la lista
[2022-07-18 00:50:09] [ INFO ] [UvpController:28] Se mostro la lista
[2022-07-18 00:50:16] [ INFO ] [UvpController:28] Se mostro la lista
[2022-07-18 00:50:20] [ INFO ] [UvpController:28] Se mostro la lista
[2022-07-18 00:50:22] [ INFO ] [UvpController:28] Se mostro la lista
[2022-07-18 00:50:27] [ INFO ] [UvpController:28] Se mostro la lista
[2022-07-18 00:50:28] [ INFO ] [UvpController:28] Se mostro la lista
[2022-07-18 00:50:35] [ INFO ] [UvpController:28] Se mostro la lista
[2022-07-18 00:51:02] [ INFO ] [UvpController:28] Se mostro la lista
[2022-07-18 00:51:05] [ INFO ] [UvpController:28] Se mostro la lista
[2022-07-18 00:51:10] [ INFO ] [UvpController:28] Se mostro la lista
[2022-07-18 00:51:21] [ INFO ] [UvpController:28] Se mostro la lista
[2022-07-18 00:51:23] [ INFO ] [UvpController:28] Se mostro la lista
[2022-07-18 00:51:26] [ INFO ] [UvpController:28] Se mostro la lista
[2022-07-18 00:51:42] [ INFO ] [UvpController:28] Se mostro la lista
[2022-07-18 00:51:44] [ INFO ] [UvpController:28] Se mostro la lista
[2022-07-18 00:52:05] [ INFO ] [UvpController:28] Se mostro la lista
[2022-07-18 00:52:13] [ INFO ] [UvpController:28] Se mostro la lista
[2022-07-18 00:52:17] [ INFO ] [UvpController:28] Se mostro la lista
[2022-07-18 00:52:51] [ INFO ] [UvpController:28] Se mostro la lista
[2022-07-18 00:53:09] [ INFO ] [UvpController:28] Se mostro la lista
[2022-07-18 00:53:33] [ INFO ] [UvpController:28] Se mostro la lista
[2022-07-18 00:53:38] [ INFO ] [UvpController:28] Se mostro la lista
[2022-07-18 00:54:16] [ INFO ] [UvpController:28] Se mostro la lista
[2022-07-18 00:54:54] [ INFO ] [UvpController:28] Se mostro la lista
[2022-07-18 00:56:02] [ INFO ] [UvpController:28] Se mostro la lista
[2022-07-18 00:56:22] [ INFO ] [UvpController:28] Se mostro la lista
[2022-07-18 00:56:24] [ INFO ] [UvpController:38] Se elimino al UVP con ID=3
[2022-07-18 00:56:38] [ INFO ] [UvpController:28] Se mostro la lista
[2022-07-18 00:56:39] [ INFO ] [UvpController:28] Se mostro la lista
[2022-07-18 00:56:42] [ INFO ] [UvpController:38] Se elimino al UVP con ID=3
[2022-07-18 00:59:55] [ INFO ] [UvpController:28] Se mostro la lista
[2022-07-18 00:59:57] [ INFO ] [UvpController:38] Se elimino al UVP con ID=3
[2022-07-18 01:00:45] [ INFO ] [UvpController:28] Se mostro la lista
[2022-07-18 01:02:01] [ INFO ] [UvpController:28] Se mostro la lista
[2022-07-18 01:02:18] [ INFO ] [UvpController:85] Se elimino al UVP con ID = 3
[2022-07-18 01:03:10] [ INFO ] [UvpController:54] Se creo el UVP = com.project.canvas.entities.Uvp@5eff4a0c
[2022-07-18 01:03:19] [ INFO ] [UvpController:28] Se mostro la lista
[2022-07-18 01:04:29] [ INFO ] [UvpController:28] Se mostro la lista
[2022-07-18 01:04:41] [ INFO ] [UvpController:70] Se actualizo el UVP = com.project.canvas.entities.Uvp@43d6e0c1
[2022-07-18 01:04:46] [ INFO ] [UvpController:28] Se mostro la lista
[2022-07-18 01:09:46] [ INFO ] [UvpController:28] Se mostro la lista
[2022-07-18 01:09:53] [ INFO ] [UvpController:38] Se elimino al UVP con ID=5
[2022-07-18 01:10:05] [ INFO ] [UvpController:28] Se mostro la lista
[2022-07-18 01:12:59] [ INFO ] [UvpController:28] Se mostro la lista
[2022-07-18 01:14:18] [ INFO ] [UvpController:28] Se mostro la lista
[2022-07-18 01:19:09] [ INFO ] [UvpController:28] Se mostro la lista
[2022-07-18 01:19:12] [ INFO ] [UvpController:28] Se mostro la lista
[2022-07-18 01:27:52] [ INFO ] [UvpController:54] Se creo el UVP = com.project.canvas.entities.Uvp@6fde167c
[2022-07-18 01:27:52] [ INFO ] [UvpController:28] Se mostro la lista
[2022-07-18 01:28:32] [ INFO ] [UvpController:28] Se mostro la lista
[2022-07-18 01:28:33] [ INFO ] [UvpController:38] Se elimino al UVP con ID=6
[2022-07-18 01:28:41] [ INFO ] [UvpController:70] Se actualizo el UVP = com.project.canvas.entities.Uvp@5d4ed417
[2022-07-18 01:28:41] [ INFO ] [UvpController:28] Se mostro la lista
[2022-07-18 08:32:12] [ INFO ] [UvpController:28] Se mostro la lista
[2022-07-18 08:34:28] [ INFO ] [UvpController:28] Se mostro la lista
[2022-07-18 08:34:59] [ INFO ] [UvpController:54] Se creo el UVP = com.project.canvas.entities.Uvp@5a34c6d6
[2022-07-18 08:35:12] [ INFO ] [UvpController:28] Se mostro la lista
[2022-07-18 08:35:24] [ INFO ] [UvpController:85] Se elimino al UVP con ID = 7
[2022-07-18 08:35:37] [ INFO ] [UvpController:28] Se mostro la lista
[2022-07-18 08:35:59] [ INFO ] [UvpController:70] Se actualizo el UVP = com.project.canvas.entities.Uvp@1bed4c51
[2022-07-18 08:36:43] [ INFO ] [UvpController:28] Se mostro la lista
[2022-07-18 08:36:59] [ INFO ] [UvpController:54] Se creo el UVP = com.project.canvas.entities.Uvp@1805a4a8
[2022-07-18 08:36:59] [ INFO ] [UvpController:28] Se mostro la lista
[2022-07-18 08:37:01] [ INFO ] [UvpController:38] Se elimino al UVP con ID=8
[2022-07-18 08:46:05] [ INFO ] [UvpController:28] Se mostro la lista
[2022-07-31 18:46:45] [ INFO ] [UvpController:28] Se mostro la lista
[2022-08-21 14:45:37] [ INFO ] [UvpController:28] Se mostro la lista
[2022-08-21 14:47:13] [ INFO ] [UvpController:28] Se mostro la lista
[2022-08-22 21:34:37] [ INFO ] [UvpController:28] Se mostro la lista
[2022-08-23 11:55:05] [ INFO ] [UvpController:28] Se mostro la lista
[2022-08-26 21:50:12] [ INFO ] [BenefitsController:28] Se mostro la lista
[2022-08-26 21:50:59] [ INFO ] [BenefitsController:28] Se mostro la lista
[2022-08-26 21:51:13] [ INFO ] [BenefitsController:53] Se creo el Benefits = com.project.canvas.entities.Benefits@6984496e
[2022-09-26 20:01:46] [ INFO ] [UserService:26] Cargando Usuario: user2 mediante el método loadUserByUsername()
[2022-09-26 23:45:05] [ INFO ] [UserService:26] Cargando Usuario: user2 mediante el método loadUserByUsername()
[2022-09-26 23:49:33] [ INFO ] [UserService:26] Cargando Usuario: user2 mediante el método loadUserByUsername()
